__init__ 1065 ArduCopter V4.0.1 (61f191de)
__init__ 1065 ChibiOS: cb42c858
__init__ 1065 CubeBlack 00540026 33385114 39323832
__init__ 1065 Frame: HEXA
__init__ 1065 PreArm: Hardware safety switch
__init__ 1065 PreArm: Battery 1 below minimum arming voltage
__init__ 1065 PreArm: Battery 1 below minimum arming voltage
__init__ 1065 PreArm: Hardware safety switch
__init__ 1065 PreArm: Battery 1 below minimum arming voltage
__init__ 1065 PreArm: Battery 1 below minimum arming voltage
__init__ 1065 PreArm: Hardware safety switch
__init__ 1065 PreArm: Battery 1 below minimum arming voltage
__init__ 1065 PreArm: Battery 1 below minimum arming voltage
__init__ 1065 PreArm: Hardware safety switch
__init__ 1065 PreArm: Battery 1 below minimum arming voltage
__init__ 1065 PreArm: Battery 1 below minimum arming voltage
__init__ 1065 PreArm: Hardware safety switch
__init__ 1065 PreArm: Battery 1 below minimum arming voltage
__init__ 1065 PreArm: Battery 1 below minimum arming voltage
__init__ 1065 PreArm: Hardware safety switch
__init__ 1065 PreArm: Battery 1 below minimum arming voltage
__init__ 1065 PreArm: Battery 1 below minimum arming voltage
__init__ 1065 PreArm: Hardware safety switch
__init__ 1065 PreArm: Battery 1 below minimum arming voltage
__init__ 1065 PreArm: Battery 1 below minimum arming voltage
__init__ 1065 PreArm: Hardware safety switch
__init__ 1065 PreArm: Battery 1 below minimum arming voltage
__init__ 1065 PreArm: Battery 1 below minimum arming voltage
__init__ 1065 PreArm: Hardware safety switch
__init__ 1065 PreArm: Battery 1 below minimum arming voltage
__init__ 1065 PreArm: Battery 1 below minimum arming voltage
__init__ 1065 PreArm: Hardware safety switch
__init__ 1065 PreArm: Battery 1 below minimum arming voltage
__init__ 1065 PreArm: Battery 1 below minimum arming voltage
__init__ 1065 PreArm: Hardware safety switch
__init__ 1065 PreArm: Battery 1 below minimum arming voltage
__init__ 1065 PreArm: Battery 1 below minimum arming voltage
__init__ 1065 PreArm: Hardware safety switch
__init__ 1065 PreArm: Battery 1 below minimum arming voltage
__init__ 1065 PreArm: Battery 1 below minimum arming voltage
__init__ 1065 PreArm: Hardware safety switch
__init__ 1065 PreArm: Battery 1 low voltage failsafe
__init__ 1065 PreArm: Battery 1 low voltage failsafe
__init__ 1065 PreArm: Hardware safety switch
__init__ 1065 PreArm: Battery 1 below minimum arming voltage
__init__ 1065 PreArm: Battery 1 below minimum arming voltage
__init__ 1065 PreArm: Hardware safety switch
__init__ 1065 PreArm: Battery 1 below minimum arming voltage
__init__ 1065 PreArm: Battery 1 below minimum arming voltage
__init__ 1065 PreArm: Hardware safety switch
__init__ 1065 PreArm: Battery 1 below minimum arming voltage
__init__ 1065 PreArm: Battery 1 below minimum arming voltage
__init__ 1065 PreArm: Hardware safety switch
__init__ 1065 PreArm: Battery 1 below minimum arming voltage
__init__ 1065 PreArm: Battery 1 below minimum arming voltage
__init__ 1065 PreArm: Hardware safety switch
__init__ 1065 PreArm: Battery 1 below minimum arming voltage
__init__ 1065 PreArm: Battery 1 below minimum arming voltage
__init__ 1065 PreArm: Hardware safety switch
__init__ 1065 PreArm: Battery 1 below minimum arming voltage
__init__ 1065 PreArm: Battery 1 below minimum arming voltage
__init__ 1065 PreArm: Hardware safety switch
__init__ 1065 PreArm: Battery 1 below minimum arming voltage
__init__ 1065 PreArm: Battery 1 below minimum arming voltage
__init__ 1065 PreArm: Hardware safety switch
__init__ 1065 PreArm: Battery 1 below minimum arming voltage
__init__ 1065 PreArm: Battery 1 below minimum arming voltage
__init__ 1065 PreArm: Hardware safety switch
__init__ 1065 PreArm: Battery 1 below minimum arming voltage
__init__ 1065 PreArm: Battery 1 below minimum arming voltage
__init__ 1065 PreArm: Hardware safety switch
__init__ 1065 PreArm: Battery 1 below minimum arming voltage
__init__ 1065 PreArm: Battery 1 below minimum arming voltage
__init__ 1065 PreArm: Hardware safety switch
__init__ 1065 PreArm: Battery 1 below minimum arming voltage
__init__ 1065 PreArm: Battery 1 below minimum arming voltage
__init__ 1065 PreArm: Hardware safety switch
__init__ 1065 PreArm: Battery 1 below minimum arming voltage
__init__ 1065 PreArm: Battery 1 below minimum arming voltage
__init__ 1065 PreArm: Hardware safety switch
__init__ 1065 PreArm: Battery 1 below minimum arming voltage
__init__ 1065 PreArm: Battery 1 below minimum arming voltage
__init__ 1065 PreArm: Hardware safety switch
__init__ 1065 PreArm: Battery 1 below minimum arming voltage
__init__ 1065 PreArm: Battery 1 below minimum arming voltage
__init__ 1065 PreArm: Hardware safety switch
__init__ 1065 PreArm: Battery 1 below minimum arming voltage
__init__ 1065 PreArm: Battery 1 below minimum arming voltage
__init__ 1065 PreArm: Hardware safety switch
__init__ 1065 PreArm: Battery 1 below minimum arming voltage
__init__ 1065 PreArm: Battery 1 below minimum arming voltage
__init__ 1065 PreArm: Hardware safety switch
__init__ 1065 PreArm: Battery 1 below minimum arming voltage
__init__ 1065 PreArm: Battery 1 below minimum arming voltage
__init__ 1065 PreArm: Hardware safety switch
__init__ 1065 PreArm: Battery 1 below minimum arming voltage
__init__ 1065 PreArm: Battery 1 below minimum arming voltage
__init__ 1065 PreArm: Hardware safety switch
__init__ 1065 PreArm: Battery 1 below minimum arming voltage
__init__ 1065 PreArm: Battery 1 below minimum arming voltage
__init__ 1065 PreArm: Hardware safety switch
__init__ 1065 PreArm: Battery 1 below minimum arming voltage
__init__ 1065 PreArm: Battery 1 below minimum arming voltage
__init__ 1065 PreArm: Hardware safety switch
__init__ 1065 PreArm: Battery 1 below minimum arming voltage
__init__ 1065 PreArm: Battery 1 below minimum arming voltage
__init__ 1065 PreArm: Hardware safety switch
__init__ 1065 PreArm: Battery 1 below minimum arming voltage
__init__ 1065 PreArm: Battery 1 below minimum arming voltage
__init__ 1065 PreArm: Hardware safety switch
__init__ 1065 PreArm: Battery 1 below minimum arming voltage
__init__ 1065 PreArm: Battery 1 below minimum arming voltage
__init__ 1065 PreArm: Hardware safety switch
__init__ 1065 PreArm: Battery 1 below minimum arming voltage
__init__ 1065 PreArm: Battery 1 below minimum arming voltage
__init__ 1065 PreArm: Hardware safety switch
__init__ 1065 PreArm: Battery 1 below minimum arming voltage
__init__ 1065 PreArm: Battery 1 below minimum arming voltage
__init__ 1065 PreArm: Hardware safety switch
__init__ 1065 PreArm: Battery 1 below minimum arming voltage
__init__ 1065 PreArm: Battery 1 below minimum arming voltage
__init__ 1065 PreArm: Hardware safety switch
__init__ 1065 PreArm: Battery 1 below minimum arming voltage
__init__ 1065 PreArm: Battery 1 below minimum arming voltage
__init__ 1065 PreArm: Hardware safety switch
__init__ 1065 PreArm: Battery 1 below minimum arming voltage
__init__ 1065 PreArm: Battery 1 below minimum arming voltage
__init__ 1065 PreArm: Hardware safety switch
__init__ 1065 PreArm: Battery 1 below minimum arming voltage
__init__ 1065 PreArm: Battery 1 below minimum arming voltage
__init__ 1065 PreArm: Hardware safety switch
__init__ 1065 PreArm: Battery 1 below minimum arming voltage
__init__ 1065 PreArm: Battery 1 below minimum arming voltage
__init__ 1065 PreArm: Hardware safety switch
__init__ 1065 PreArm: Battery 1 below minimum arming voltage
__init__ 1065 PreArm: Battery 1 below minimum arming voltage
__init__ 1065 PreArm: Hardware safety switch
__init__ 1065 PreArm: Battery 1 below minimum arming voltage
__init__ 1065 PreArm: Battery 1 below minimum arming voltage
__init__ 1065 PreArm: Hardware safety switch
__init__ 1065 PreArm: Battery 1 below minimum arming voltage
__init__ 1065 PreArm: Battery 1 below minimum arming voltage
__init__ 1065 PreArm: Hardware safety switch
__init__ 1065 PreArm: Battery 1 below minimum arming voltage
__init__ 1065 PreArm: Battery 1 below minimum arming voltage
__init__ 1065 PreArm: Hardware safety switch
__init__ 1065 PreArm: Battery 1 below minimum arming voltage
__init__ 1065 PreArm: Battery 1 below minimum arming voltage
__init__ 1065 PreArm: Hardware safety switch
__init__ 1065 PreArm: Battery 1 below minimum arming voltage
__init__ 1065 PreArm: Battery 1 below minimum arming voltage
__init__ 1065 PreArm: Hardware safety switch
__init__ 1065 PreArm: Battery 1 below minimum arming voltage
__init__ 1065 PreArm: Battery 1 below minimum arming voltage
__init__ 1065 PreArm: Hardware safety switch
__init__ 1065 PreArm: Battery 1 below minimum arming voltage
__init__ 1065 PreArm: Battery 1 below minimum arming voltage
__init__ 1065 PreArm: Hardware safety switch
__init__ 1065 PreArm: Battery 1 below minimum arming voltage
__init__ 1065 PreArm: Battery 1 below minimum arming voltage
__init__ 1065 PreArm: Hardware safety switch
__init__ 1065 PreArm: Battery 1 below minimum arming voltage
__init__ 1065 PreArm: Battery 1 below minimum arming voltage
__init__ 1065 PreArm: Hardware safety switch
__init__ 1065 PreArm: Battery 1 below minimum arming voltage
__init__ 1065 PreArm: Battery 1 below minimum arming voltage
__init__ 1065 PreArm: Hardware safety switch
__init__ 1065 PreArm: Battery 1 below minimum arming voltage
__init__ 1065 PreArm: Battery 1 below minimum arming voltage
